mode: atomic
github.com/langered/gonedrive/service/file.go:28.101,31.16 3 6
github.com/langered/gonedrive/service/file.go:34.2,34.37 1 4
github.com/langered/gonedrive/service/file.go:50.2,51.42 2 2
github.com/langered/gonedrive/service/file.go:54.2,54.19 1 2
github.com/langered/gonedrive/service/file.go:31.16,33.3 1 2
github.com/langered/gonedrive/service/file.go:34.37,35.21 1 8
github.com/langered/gonedrive/service/file.go:35.21,37.18 2 4
github.com/langered/gonedrive/service/file.go:42.4,44.18 3 3
github.com/langered/gonedrive/service/file.go:37.18,40.5 2 1
github.com/langered/gonedrive/service/file.go:44.18,46.5 1 1
github.com/langered/gonedrive/service/file.go:51.42,53.3 1 6
github.com/langered/gonedrive/service/file.go:57.70,58.38 1 4
github.com/langered/gonedrive/service/file.go:63.2,63.79 1 1
github.com/langered/gonedrive/service/file.go:58.38,59.24 1 12
github.com/langered/gonedrive/service/file.go:59.24,61.4 1 3
github.com/langered/gonedrive/service/file.go:66.112,69.16 3 9
github.com/langered/gonedrive/service/file.go:72.2,72.36 1 7
github.com/langered/gonedrive/service/file.go:69.16,71.3 1 2
github.com/langered/gonedrive/service/file.go:75.63,80.2 4 9
github.com/langered/gonedrive/service/file.go:82.71,88.16 5 7
github.com/langered/gonedrive/service/file.go:91.2,91.26 1 6
github.com/langered/gonedrive/service/file.go:88.16,90.3 1 1
github.com/langered/gonedrive/service/login.go:9.23,22.2 6 1
github.com/langered/gonedrive/service/login.go:24.40,25.20 1 2
github.com/langered/gonedrive/service/login.go:28.2,28.12 1 1
github.com/langered/gonedrive/service/login.go:25.20,27.3 1 1
github.com/langered/gonedrive/service/login.go:31.49,33.16 2 0
github.com/langered/gonedrive/service/login.go:37.2,37.12 1 0
github.com/langered/gonedrive/service/login.go:33.16,35.3 1 0
